<?xml version="1.0" encoding="UTF-8"?>
<!-- Generated by org.testng.reporters.JUnitXMLReporter -->
<testsuite hostname="Smooth" failures="0" tests="4" name="Default test" time="252.666" errors="0" timestamp="21 Jun 2023 21:08:56 GMT">
  <testcase classname="CalcSoup.soupC_TestCases" name="Multiplication" time="54.508"/>
  <testcase classname="CalcSoup.soupC_TestCases" name="Division" time="61.117"/>
  <testcase classname="CalcSoup.soupC_TestCases" name="Subtraction" time="55.282"/>
  <testcase classname="CalcSoup.soupC_TestCases" name="Addition" time="35.633"/>
</testsuite> <!-- Default test -->
