<?xml version="1.0" encoding="UTF-8"?>
<!-- Generated by org.testng.reporters.JUnitXMLReporter -->
<testsuite hostname="Smooth" failures="0" tests="4" name="Default test" time="766.381" errors="0" timestamp="21 Jun 2023 13:38:20 GMT">
  <testcase classname="CalcSoup.soupC_TestCases" name="Multiplication" time="281.312"/>
  <testcase classname="CalcSoup.soupC_TestCases" name="Division" time="228.144"/>
  <testcase classname="CalcSoup.soupC_TestCases" name="Subtraction" time="60.017"/>
  <testcase classname="CalcSoup.soupC_TestCases" name="Addition" time="132.819"/>
</testsuite> <!-- Default test -->
