<?xml version="1.0" encoding="UTF-8"?>
<!-- Generated by org.testng.reporters.JUnitXMLReporter -->
<testsuite hostname="Smooth" failures="0" tests="4" name="Calculations" time="615.962" errors="0" timestamp="21 Jun 2023 13:24:20 GMT">
  <testcase classname="CalcSoup.soupC_TestCases" name="Multiplication" time="26.794"/>
  <testcase classname="CalcSoup.soupC_TestCases" name="Division" time="113.047"/>
  <testcase classname="CalcSoup.soupC_TestCases" name="Subtraction" time="198.18"/>
  <testcase classname="CalcSoup.soupC_TestCases" name="Addition" time="234.054"/>
</testsuite> <!-- Calculations -->
