<?xml version="1.0" encoding="UTF-8"?>
<testng-results total="4" passed="4" failed="0" skipped="0">
  <reporter-output>
  </reporter-output>
  <suite started-at="2023-06-21T13:25:34Z" name="Default suite" finished-at="2023-06-21T13:38:20Z" duration-ms="766381">
    <groups>
    </groups>
    <test started-at="2023-06-21T13:25:34Z" name="Default test" finished-at="2023-06-21T13:38:20Z" duration-ms="766381">
      <class name="CalcSoup.soupC_TestCases">
        <test-method is-config="true" signature="beforeMethod()[pri:0, instance:CalcSoup.soupC_TestCases@1ab06251]" started-at="2023-06-21T15:25:34Z" name="beforeMethod" finished-at="2023-06-21T15:25:41Z" duration-ms="6666" status="PASS">
          <reporter-output>
          </reporter-output>
        </test-method> <!-- beforeMethod -->
        <test-method signature="Multiplication()[pri:0, instance:CalcSoup.soupC_TestCases@1ab06251]" started-at="2023-06-21T15:25:41Z" name="Multiplication" finished-at="2023-06-21T15:30:22Z" duration-ms="281312" status="PASS">
          <reporter-output>
          </reporter-output>
        </test-method> <!-- Multiplication -->
        <test-method is-config="true" signature="afterMethod()[pri:0, instance:CalcSoup.soupC_TestCases@1ab06251]" started-at="2023-06-21T15:30:22Z" name="afterMethod" finished-at="2023-06-21T15:30:29Z" duration-ms="7136" status="PASS">
          <reporter-output>
          </reporter-output>
        </test-method> <!-- afterMethod -->
        <test-method is-config="true" signature="beforeMethod()[pri:0, instance:CalcSoup.soupC_TestCases@1ab06251]" started-at="2023-06-21T15:30:29Z" name="beforeMethod" finished-at="2023-06-21T15:30:36Z" duration-ms="6485" status="PASS">
          <reporter-output>
          </reporter-output>
        </test-method> <!-- beforeMethod -->
        <test-method signature="Division()[pri:0, instance:CalcSoup.soupC_TestCases@1ab06251]" started-at="2023-06-21T15:30:36Z" name="Division" finished-at="2023-06-21T15:34:24Z" duration-ms="228144" status="PASS">
          <reporter-output>
          </reporter-output>
        </test-method> <!-- Division -->
        <test-method is-config="true" signature="afterMethod()[pri:0, instance:CalcSoup.soupC_TestCases@1ab06251]" started-at="2023-06-21T15:34:24Z" name="afterMethod" finished-at="2023-06-21T15:34:29Z" duration-ms="5253" status="PASS">
          <reporter-output>
          </reporter-output>
        </test-method> <!-- afterMethod -->
        <test-method is-config="true" signature="beforeMethod()[pri:0, instance:CalcSoup.soupC_TestCases@1ab06251]" started-at="2023-06-21T15:34:29Z" name="beforeMethod" finished-at="2023-06-21T15:34:50Z" duration-ms="20930" status="PASS">
          <reporter-output>
          </reporter-output>
        </test-method> <!-- beforeMethod -->
        <test-method signature="Subtraction()[pri:0, instance:CalcSoup.soupC_TestCases@1ab06251]" started-at="2023-06-21T15:34:50Z" name="Subtraction" finished-at="2023-06-21T15:35:50Z" duration-ms="60017" status="PASS">
          <reporter-output>
          </reporter-output>
        </test-method> <!-- Subtraction -->
        <test-method is-config="true" signature="afterMethod()[pri:0, instance:CalcSoup.soupC_TestCases@1ab06251]" started-at="2023-06-21T15:35:50Z" name="afterMethod" finished-at="2023-06-21T15:35:57Z" duration-ms="6968" status="PASS">
          <reporter-output>
          </reporter-output>
        </test-method> <!-- afterMethod -->
        <test-method is-config="true" signature="beforeMethod()[pri:0, instance:CalcSoup.soupC_TestCases@1ab06251]" started-at="2023-06-21T15:35:57Z" name="beforeMethod" finished-at="2023-06-21T15:36:05Z" duration-ms="7789" status="PASS">
          <reporter-output>
          </reporter-output>
        </test-method> <!-- beforeMethod -->
        <test-method signature="Addition()[pri:0, instance:CalcSoup.soupC_TestCases@1ab06251]" started-at="2023-06-21T15:36:05Z" name="Addition" finished-at="2023-06-21T15:38:17Z" duration-ms="132819" status="PASS">
          <reporter-output>
          </reporter-output>
        </test-method> <!-- Addition -->
        <test-method is-config="true" signature="afterMethod()[pri:0, instance:CalcSoup.soupC_TestCases@1ab06251]" started-at="2023-06-21T15:38:17Z" name="afterMethod" finished-at="2023-06-21T15:38:20Z" duration-ms="2808" status="PASS">
          <reporter-output>
          </reporter-output>
        </test-method> <!-- afterMethod -->
      </class> <!-- CalcSoup.soupC_TestCases -->
    </test> <!-- Default test -->
  </suite> <!-- Default suite -->
</testng-results>
