<?xml version="1.0" encoding="UTF-8"?>
<testng-results total="4" passed="4" failed="0" skipped="0">
  <reporter-output>
  </reporter-output>
  <suite started-at="2023-06-21T21:04:43Z" name="Default suite" finished-at="2023-06-21T21:08:56Z" duration-ms="252666">
    <groups>
    </groups>
    <test started-at="2023-06-21T21:04:43Z" name="Default test" finished-at="2023-06-21T21:08:56Z" duration-ms="252666">
      <class name="CalcSoup.soupC_TestCases">
        <test-method is-config="true" signature="beforeMethod()[pri:0, instance:CalcSoup.soupC_TestCases@1ab06251]" started-at="2023-06-21T23:04:43Z" name="beforeMethod" finished-at="2023-06-21T23:04:59Z" duration-ms="15845" status="PASS">
          <reporter-output>
          </reporter-output>
        </test-method> <!-- beforeMethod -->
        <test-method signature="Multiplication()[pri:0, instance:CalcSoup.soupC_TestCases@1ab06251]" started-at="2023-06-21T23:04:59Z" name="Multiplication" finished-at="2023-06-21T23:05:54Z" duration-ms="54508" status="PASS">
          <reporter-output>
          </reporter-output>
        </test-method> <!-- Multiplication -->
        <test-method is-config="true" signature="afterMethod()[pri:0, instance:CalcSoup.soupC_TestCases@1ab06251]" started-at="2023-06-21T23:05:54Z" name="afterMethod" finished-at="2023-06-21T23:05:57Z" duration-ms="2977" status="PASS">
          <reporter-output>
          </reporter-output>
        </test-method> <!-- afterMethod -->
        <test-method is-config="true" signature="beforeMethod()[pri:0, instance:CalcSoup.soupC_TestCases@1ab06251]" started-at="2023-06-21T23:05:57Z" name="beforeMethod" finished-at="2023-06-21T23:06:01Z" duration-ms="4328" status="PASS">
          <reporter-output>
          </reporter-output>
        </test-method> <!-- beforeMethod -->
        <test-method signature="Division()[pri:0, instance:CalcSoup.soupC_TestCases@1ab06251]" started-at="2023-06-21T23:06:01Z" name="Division" finished-at="2023-06-21T23:07:02Z" duration-ms="61117" status="PASS">
          <reporter-output>
          </reporter-output>
        </test-method> <!-- Division -->
        <test-method is-config="true" signature="afterMethod()[pri:0, instance:CalcSoup.soupC_TestCases@1ab06251]" started-at="2023-06-21T23:07:02Z" name="afterMethod" finished-at="2023-06-21T23:07:12Z" duration-ms="9624" status="PASS">
          <reporter-output>
          </reporter-output>
        </test-method> <!-- afterMethod -->
        <test-method is-config="true" signature="beforeMethod()[pri:0, instance:CalcSoup.soupC_TestCases@1ab06251]" started-at="2023-06-21T23:07:12Z" name="beforeMethod" finished-at="2023-06-21T23:07:17Z" duration-ms="5148" status="PASS">
          <reporter-output>
          </reporter-output>
        </test-method> <!-- beforeMethod -->
        <test-method signature="Subtraction()[pri:0, instance:CalcSoup.soupC_TestCases@1ab06251]" started-at="2023-06-21T23:07:17Z" name="Subtraction" finished-at="2023-06-21T23:08:12Z" duration-ms="55282" status="PASS">
          <reporter-output>
          </reporter-output>
        </test-method> <!-- Subtraction -->
        <test-method is-config="true" signature="afterMethod()[pri:0, instance:CalcSoup.soupC_TestCases@1ab06251]" started-at="2023-06-21T23:08:12Z" name="afterMethod" finished-at="2023-06-21T23:08:15Z" duration-ms="2706" status="PASS">
          <reporter-output>
          </reporter-output>
        </test-method> <!-- afterMethod -->
        <test-method is-config="true" signature="beforeMethod()[pri:0, instance:CalcSoup.soupC_TestCases@1ab06251]" started-at="2023-06-21T23:08:15Z" name="beforeMethod" finished-at="2023-06-21T23:08:19Z" duration-ms="3903" status="PASS">
          <reporter-output>
          </reporter-output>
        </test-method> <!-- beforeMethod -->
        <test-method signature="Addition()[pri:0, instance:CalcSoup.soupC_TestCases@1ab06251]" started-at="2023-06-21T23:08:19Z" name="Addition" finished-at="2023-06-21T23:08:55Z" duration-ms="35633" status="PASS">
          <reporter-output>
          </reporter-output>
        </test-method> <!-- Addition -->
        <test-method is-config="true" signature="afterMethod()[pri:0, instance:CalcSoup.soupC_TestCases@1ab06251]" started-at="2023-06-21T23:08:55Z" name="afterMethod" finished-at="2023-06-21T23:08:56Z" duration-ms="1454" status="PASS">
          <reporter-output>
          </reporter-output>
        </test-method> <!-- afterMethod -->
      </class> <!-- CalcSoup.soupC_TestCases -->
    </test> <!-- Default test -->
  </suite> <!-- Default suite -->
</testng-results>
